<?xml version="1.0" encoding="UTF-8"?>
<!-- Generated by org.testng.reporters.JUnitReportReporter -->
<testsuite hostname="LAPTOP-98P9HPPJ" failures="0" tests="1" name="com.foxapi.testCases.TC001_REG_user" time="68.524" errors="0" timestamp="21 Apr 2022 14:27:01 GMT" skipped="0">
  <testcase classname="com.foxapi.testCases.TC001_REG_user" name="createEmployee" time="68.524"/>
</testsuite> <!-- com.foxapi.testCases.TC001_REG_user -->
