<?xml version="1.0" encoding="UTF-8"?>
<!-- Generated by org.testng.reporters.JUnitReportReporter -->
<testsuite hostname="LAPTOP-98P9HPPJ" failures="0" tests="1" name="com.hashapi.testCases.GetHashStat" time="7.358" errors="0" timestamp="22 Apr 2022 12:29:46 GMT" skipped="0">
  <testcase classname="com.hashapi.testCases.GetHashStat" name="getHashStat" time="7.358"/>
</testsuite> <!-- com.hashapi.testCases.GetHashStat -->
