<?xml version="1.0" encoding="UTF-8"?>
<!-- Generated by org.testng.reporters.JUnitReportReporter -->
<testsuite hostname="LAPTOP-98P9HPPJ" failures="0" tests="2" name="com.hashapi.testCases.GetEncodedPassword" time="13.270" errors="0" timestamp="22 Apr 2022 14:16:38 GMT" skipped="0">
  <testcase classname="com.hashapi.testCases.GetEncodedPassword" name="getEncodedpassword_matchesBase64" time="6.051"/>
  <testcase classname="com.hashapi.testCases.GetEncodedPassword" name="getEncodedpassword" time="7.219"/>
</testsuite> <!-- com.hashapi.testCases.GetEncodedPassword -->
